2017-11-21 16:26:10,333 [DEBUG] devpinoyLogger  - ++++++++++++++++++++++++++++++++++++++++++++++++++++++++++++++++++++++++++++++++++++++++++++++++++++++++++++
2017-11-21 16:26:10,333 [DEBUG] devpinoyLogger  - Instantiating the driver :chrome
2017-11-21 16:26:12,032 [DEBUG] org.apache.http.client.protocol.RequestAddCookies  - CookieSpec selected: default
2017-11-21 16:26:12,052 [DEBUG] org.apache.http.client.protocol.RequestAuthCache  - Auth cache not set in the context
2017-11-21 16:26:12,056 [DEBUG] org.apache.http.impl.conn.PoolingHttpClientConnectionManager  - Connection request: [route: {}->http://localhost:26533][total kept alive: 0; route allocated: 0 of 2000; total allocated: 0 of 2000]
2017-11-21 16:26:12,084 [DEBUG] org.apache.http.impl.conn.PoolingHttpClientConnectionManager  - Connection leased: [id: 0][route: {}->http://localhost:26533][total kept alive: 0; route allocated: 1 of 2000; total allocated: 1 of 2000]
2017-11-21 16:26:12,088 [DEBUG] org.apache.http.impl.execchain.MainClientExec  - Opening connection {}->http://localhost:26533
2017-11-21 16:26:12,088 [DEBUG] org.apache.http.impl.conn.DefaultHttpClientConnectionOperator  - Connecting to localhost/127.0.0.1:26533
2017-11-21 16:26:12,092 [DEBUG] org.apache.http.impl.conn.DefaultHttpClientConnectionOperator  - Connection established 127.0.0.1:57312<->127.0.0.1:26533
2017-11-21 16:26:12,092 [DEBUG] org.apache.http.impl.conn.DefaultManagedHttpClientConnection  - http-outgoing-0: set socket timeout to 10800000
2017-11-21 16:26:12,092 [DEBUG] org.apache.http.impl.execchain.MainClientExec  - Executing request POST /session HTTP/1.1
2017-11-21 16:26:12,092 [DEBUG] org.apache.http.impl.execchain.MainClientExec  - Target auth state: UNCHALLENGED
2017-11-21 16:26:12,092 [DEBUG] org.apache.http.impl.execchain.MainClientExec  - Proxy auth state: UNCHALLENGED
2017-11-21 16:26:12,096 [DEBUG] org.apache.http.headers  - http-outgoing-0 >> POST /session HTTP/1.1
2017-11-21 16:26:12,096 [DEBUG] org.apache.http.headers  - http-outgoing-0 >> Content-Type: application/json; charset=utf-8
2017-11-21 16:26:12,096 [DEBUG] org.apache.http.headers  - http-outgoing-0 >> Content-Length: 550
2017-11-21 16:26:12,096 [DEBUG] org.apache.http.headers  - http-outgoing-0 >> Host: localhost:26533
2017-11-21 16:26:12,096 [DEBUG] org.apache.http.headers  - http-outgoing-0 >> Connection: Keep-Alive
2017-11-21 16:26:12,096 [DEBUG] org.apache.http.headers  - http-outgoing-0 >> User-Agent: Apache-HttpClient/4.5.3 (Java/1.8.0_131)
2017-11-21 16:26:12,096 [DEBUG] org.apache.http.headers  - http-outgoing-0 >> Accept-Encoding: gzip,deflate
2017-11-21 16:26:12,096 [DEBUG] org.apache.http.wire  - http-outgoing-0 >> "POST /session HTTP/1.1[\r][\n]"
2017-11-21 16:26:12,096 [DEBUG] org.apache.http.wire  - http-outgoing-0 >> "Content-Type: application/json; charset=utf-8[\r][\n]"
2017-11-21 16:26:12,096 [DEBUG] org.apache.http.wire  - http-outgoing-0 >> "Content-Length: 550[\r][\n]"
2017-11-21 16:26:12,096 [DEBUG] org.apache.http.wire  - http-outgoing-0 >> "Host: localhost:26533[\r][\n]"
2017-11-21 16:26:12,096 [DEBUG] org.apache.http.wire  - http-outgoing-0 >> "Connection: Keep-Alive[\r][\n]"
2017-11-21 16:26:12,096 [DEBUG] org.apache.http.wire  - http-outgoing-0 >> "User-Agent: Apache-HttpClient/4.5.3 (Java/1.8.0_131)[\r][\n]"
2017-11-21 16:26:12,096 [DEBUG] org.apache.http.wire  - http-outgoing-0 >> "Accept-Encoding: gzip,deflate[\r][\n]"
2017-11-21 16:26:12,096 [DEBUG] org.apache.http.wire  - http-outgoing-0 >> "[\r][\n]"
2017-11-21 16:26:12,096 [DEBUG] org.apache.http.wire  - http-outgoing-0 >> "{[\n]"
2017-11-21 16:26:12,096 [DEBUG] org.apache.http.wire  - http-outgoing-0 >> "  "desiredCapabilities": {[\n]"
2017-11-21 16:26:12,096 [DEBUG] org.apache.http.wire  - http-outgoing-0 >> "    "browserName": "chrome",[\n]"
2017-11-21 16:26:12,096 [DEBUG] org.apache.http.wire  - http-outgoing-0 >> "    "chromeOptions": {[\n]"
2017-11-21 16:26:12,096 [DEBUG] org.apache.http.wire  - http-outgoing-0 >> "      "args": [],[\n]"
2017-11-21 16:26:12,096 [DEBUG] org.apache.http.wire  - http-outgoing-0 >> "      "extensions": [][\n]"
2017-11-21 16:26:12,096 [DEBUG] org.apache.http.wire  - http-outgoing-0 >> "    },[\n]"
2017-11-21 16:26:12,096 [DEBUG] org.apache.http.wire  - http-outgoing-0 >> "    "version": "",[\n]"
2017-11-21 16:26:12,096 [DEBUG] org.apache.http.wire  - http-outgoing-0 >> "    "platform": "ANY"[\n]"
2017-11-21 16:26:12,096 [DEBUG] org.apache.http.wire  - http-outgoing-0 >> "  },[\n]"
2017-11-21 16:26:12,096 [DEBUG] org.apache.http.wire  - http-outgoing-0 >> "  "requiredCapabilities": {},[\n]"
2017-11-21 16:26:12,096 [DEBUG] org.apache.http.wire  - http-outgoing-0 >> "  "capabilities": {[\n]"
2017-11-21 16:26:12,096 [DEBUG] org.apache.http.wire  - http-outgoing-0 >> "    "desiredCapabilities": {[\n]"
2017-11-21 16:26:12,096 [DEBUG] org.apache.http.wire  - http-outgoing-0 >> "      "browserName": "chrome",[\n]"
2017-11-21 16:26:12,096 [DEBUG] org.apache.http.wire  - http-outgoing-0 >> "      "chromeOptions": {[\n]"
2017-11-21 16:26:12,096 [DEBUG] org.apache.http.wire  - http-outgoing-0 >> "        "args": [],[\n]"
2017-11-21 16:26:12,096 [DEBUG] org.apache.http.wire  - http-outgoing-0 >> "        "extensions": [][\n]"
2017-11-21 16:26:12,100 [DEBUG] org.apache.http.wire  - http-outgoing-0 >> "      },[\n]"
2017-11-21 16:26:12,100 [DEBUG] org.apache.http.wire  - http-outgoing-0 >> "      "version": "",[\n]"
2017-11-21 16:26:12,100 [DEBUG] org.apache.http.wire  - http-outgoing-0 >> "      "platform": "ANY"[\n]"
2017-11-21 16:26:12,100 [DEBUG] org.apache.http.wire  - http-outgoing-0 >> "    },[\n]"
2017-11-21 16:26:12,100 [DEBUG] org.apache.http.wire  - http-outgoing-0 >> "    "requiredCapabilities": {},[\n]"
2017-11-21 16:26:12,100 [DEBUG] org.apache.http.wire  - http-outgoing-0 >> "    "alwaysMatch": {},[\n]"
2017-11-21 16:26:12,100 [DEBUG] org.apache.http.wire  - http-outgoing-0 >> "    "firstMatch": [[\n]"
2017-11-21 16:26:12,100 [DEBUG] org.apache.http.wire  - http-outgoing-0 >> "      {[\n]"
2017-11-21 16:26:12,100 [DEBUG] org.apache.http.wire  - http-outgoing-0 >> "        "browserName": "chrome"[\n]"
2017-11-21 16:26:12,100 [DEBUG] org.apache.http.wire  - http-outgoing-0 >> "      }[\n]"
2017-11-21 16:26:12,100 [DEBUG] org.apache.http.wire  - http-outgoing-0 >> "    ][\n]"
2017-11-21 16:26:12,100 [DEBUG] org.apache.http.wire  - http-outgoing-0 >> "  }[\n]"
2017-11-21 16:26:12,100 [DEBUG] org.apache.http.wire  - http-outgoing-0 >> "}"
2017-11-21 16:26:14,051 [DEBUG] org.apache.http.wire  - http-outgoing-0 << "HTTP/1.1 200 OK[\r][\n]"
2017-11-21 16:26:14,051 [DEBUG] org.apache.http.wire  - http-outgoing-0 << "Content-Length:802[\r][\n]"
2017-11-21 16:26:14,051 [DEBUG] org.apache.http.wire  - http-outgoing-0 << "Content-Type:application/json; charset=utf-8[\r][\n]"
2017-11-21 16:26:14,051 [DEBUG] org.apache.http.wire  - http-outgoing-0 << "Connection:close[\r][\n]"
2017-11-21 16:26:14,051 [DEBUG] org.apache.http.wire  - http-outgoing-0 << "[\r][\n]"
2017-11-21 16:26:14,051 [DEBUG] org.apache.http.wire  - http-outgoing-0 << "{"sessionId":"d6ea7bfc506a51a27088159a216f775f","status":0,"value":{"acceptSslCerts":true,"applicationCacheEnabled":false,"browserConnectionEnabled":false,"browserName":"chrome","chrome":{"chromedriverVersion":"2.33.506120 (e3e53437346286c0bc2d2dc9aa4915ba81d9023f)","userDataDir":"C:\\Users\\BALAMU~1\\AppData\\Local\\Temp\\scoped_dir14636_3645"},"cssSelectorsEnabled":true,"databaseEnabled":false,"handlesAlerts":true,"hasTouchScreen":false,"javascriptEnabled":true,"locationContextEnabled":true,"mobileEmulationEnabled":false,"nativeEvents":true,"networkConnectionEnabled":false,"pageLoadStrategy":"normal","platform":"Windows NT","rotatable":false,"setWindowRect":true,"takesHeapSnapshot":true,"takesScreenshot":true,"unexpectedAlertBehaviour":"","version":"62.0.3202.94","webStorageEnabled":true}}"
2017-11-21 16:26:14,055 [DEBUG] org.apache.http.headers  - http-outgoing-0 << HTTP/1.1 200 OK
2017-11-21 16:26:14,055 [DEBUG] org.apache.http.headers  - http-outgoing-0 << Content-Length:802
2017-11-21 16:26:14,055 [DEBUG] org.apache.http.headers  - http-outgoing-0 << Content-Type:application/json; charset=utf-8
2017-11-21 16:26:14,055 [DEBUG] org.apache.http.headers  - http-outgoing-0 << Connection:close
2017-11-21 16:26:14,063 [DEBUG] org.apache.http.impl.conn.DefaultManagedHttpClientConnection  - http-outgoing-0: Close connection
2017-11-21 16:26:14,063 [DEBUG] org.apache.http.impl.execchain.MainClientExec  - Connection discarded
2017-11-21 16:26:14,063 [DEBUG] org.apache.http.impl.conn.PoolingHttpClientConnectionManager  - Connection released: [id: 0][route: {}->http://localhost:26533][total kept alive: 0; route allocated: 0 of 2000; total allocated: 0 of 2000]
2017-11-21 16:26:14,124 [DEBUG] org.apache.http.client.protocol.RequestAddCookies  - CookieSpec selected: default
2017-11-21 16:26:14,124 [DEBUG] org.apache.http.client.protocol.RequestAuthCache  - Auth cache not set in the context
2017-11-21 16:26:14,124 [DEBUG] org.apache.http.impl.conn.PoolingHttpClientConnectionManager  - Connection request: [route: {}->http://localhost:26533][total kept alive: 0; route allocated: 0 of 2000; total allocated: 0 of 2000]
2017-11-21 16:26:14,124 [DEBUG] org.apache.http.impl.conn.PoolingHttpClientConnectionManager  - Connection leased: [id: 1][route: {}->http://localhost:26533][total kept alive: 0; route allocated: 1 of 2000; total allocated: 1 of 2000]
2017-11-21 16:26:14,124 [DEBUG] org.apache.http.impl.execchain.MainClientExec  - Opening connection {}->http://localhost:26533
2017-11-21 16:26:14,124 [DEBUG] org.apache.http.impl.conn.DefaultHttpClientConnectionOperator  - Connecting to localhost/127.0.0.1:26533
2017-11-21 16:26:14,124 [DEBUG] org.apache.http.impl.conn.DefaultHttpClientConnectionOperator  - Connection established 127.0.0.1:57329<->127.0.0.1:26533
2017-11-21 16:26:14,124 [DEBUG] org.apache.http.impl.conn.DefaultManagedHttpClientConnection  - http-outgoing-1: set socket timeout to 10800000
2017-11-21 16:26:14,124 [DEBUG] org.apache.http.impl.execchain.MainClientExec  - Executing request POST /session/d6ea7bfc506a51a27088159a216f775f/window/current/maximize HTTP/1.1
2017-11-21 16:26:14,124 [DEBUG] org.apache.http.impl.execchain.MainClientExec  - Target auth state: UNCHALLENGED
2017-11-21 16:26:14,124 [DEBUG] org.apache.http.impl.execchain.MainClientExec  - Proxy auth state: UNCHALLENGED
2017-11-21 16:26:14,124 [DEBUG] org.apache.http.headers  - http-outgoing-1 >> POST /session/d6ea7bfc506a51a27088159a216f775f/window/current/maximize HTTP/1.1
2017-11-21 16:26:14,124 [DEBUG] org.apache.http.headers  - http-outgoing-1 >> Content-Type: application/json; charset=utf-8
2017-11-21 16:26:14,124 [DEBUG] org.apache.http.headers  - http-outgoing-1 >> Content-Length: 45
2017-11-21 16:26:14,124 [DEBUG] org.apache.http.headers  - http-outgoing-1 >> Host: localhost:26533
2017-11-21 16:26:14,128 [DEBUG] org.apache.http.headers  - http-outgoing-1 >> Connection: Keep-Alive
2017-11-21 16:26:14,128 [DEBUG] org.apache.http.headers  - http-outgoing-1 >> User-Agent: Apache-HttpClient/4.5.3 (Java/1.8.0_131)
2017-11-21 16:26:14,128 [DEBUG] org.apache.http.headers  - http-outgoing-1 >> Accept-Encoding: gzip,deflate
2017-11-21 16:26:14,128 [DEBUG] org.apache.http.wire  - http-outgoing-1 >> "POST /session/d6ea7bfc506a51a27088159a216f775f/window/current/maximize HTTP/1.1[\r][\n]"
2017-11-21 16:26:14,128 [DEBUG] org.apache.http.wire  - http-outgoing-1 >> "Content-Type: application/json; charset=utf-8[\r][\n]"
2017-11-21 16:26:14,128 [DEBUG] org.apache.http.wire  - http-outgoing-1 >> "Content-Length: 45[\r][\n]"
2017-11-21 16:26:14,128 [DEBUG] org.apache.http.wire  - http-outgoing-1 >> "Host: localhost:26533[\r][\n]"
2017-11-21 16:26:14,128 [DEBUG] org.apache.http.wire  - http-outgoing-1 >> "Connection: Keep-Alive[\r][\n]"
2017-11-21 16:26:14,128 [DEBUG] org.apache.http.wire  - http-outgoing-1 >> "User-Agent: Apache-HttpClient/4.5.3 (Java/1.8.0_131)[\r][\n]"
2017-11-21 16:26:14,128 [DEBUG] org.apache.http.wire  - http-outgoing-1 >> "Accept-Encoding: gzip,deflate[\r][\n]"
2017-11-21 16:26:14,128 [DEBUG] org.apache.http.wire  - http-outgoing-1 >> "[\r][\n]"
2017-11-21 16:26:14,128 [DEBUG] org.apache.http.wire  - http-outgoing-1 >> "{"windowHandle":"current","handle":"current"}"
2017-11-21 16:26:20,153 [DEBUG] org.apache.http.wire  - http-outgoing-1 << "HTTP/1.1 200 OK[\r][\n]"
2017-11-21 16:26:20,153 [DEBUG] org.apache.http.wire  - http-outgoing-1 << "Content-Length:72[\r][\n]"
2017-11-21 16:26:20,153 [DEBUG] org.apache.http.wire  - http-outgoing-1 << "Content-Type:application/json; charset=utf-8[\r][\n]"
2017-11-21 16:26:20,153 [DEBUG] org.apache.http.wire  - http-outgoing-1 << "Connection:close[\r][\n]"
2017-11-21 16:26:20,153 [DEBUG] org.apache.http.wire  - http-outgoing-1 << "[\r][\n]"
2017-11-21 16:26:20,153 [DEBUG] org.apache.http.wire  - http-outgoing-1 << "{"sessionId":"d6ea7bfc506a51a27088159a216f775f","status":0,"value":null}"
2017-11-21 16:26:20,153 [DEBUG] org.apache.http.headers  - http-outgoing-1 << HTTP/1.1 200 OK
2017-11-21 16:26:20,153 [DEBUG] org.apache.http.headers  - http-outgoing-1 << Content-Length:72
2017-11-21 16:26:20,153 [DEBUG] org.apache.http.headers  - http-outgoing-1 << Content-Type:application/json; charset=utf-8
2017-11-21 16:26:20,153 [DEBUG] org.apache.http.headers  - http-outgoing-1 << Connection:close
2017-11-21 16:26:20,153 [DEBUG] org.apache.http.impl.conn.DefaultManagedHttpClientConnection  - http-outgoing-1: Close connection
2017-11-21 16:26:20,153 [DEBUG] org.apache.http.impl.execchain.MainClientExec  - Connection discarded
2017-11-21 16:26:20,153 [DEBUG] org.apache.http.impl.conn.PoolingHttpClientConnectionManager  - Connection released: [id: 1][route: {}->http://localhost:26533][total kept alive: 0; route allocated: 0 of 2000; total allocated: 0 of 2000]
2017-11-21 16:26:20,157 [DEBUG] devpinoyLogger  - launching the chrome browser
2017-11-21 16:26:20,244 [DEBUG] org.apache.http.client.protocol.RequestAddCookies  - CookieSpec selected: default
2017-11-21 16:26:20,244 [DEBUG] org.apache.http.client.protocol.RequestAuthCache  - Auth cache not set in the context
2017-11-21 16:26:20,244 [DEBUG] org.apache.http.impl.conn.PoolingHttpClientConnectionManager  - Connection request: [route: {}->http://localhost:26533][total kept alive: 0; route allocated: 0 of 2000; total allocated: 0 of 2000]
2017-11-21 16:26:20,244 [DEBUG] org.apache.http.impl.conn.PoolingHttpClientConnectionManager  - Connection leased: [id: 2][route: {}->http://localhost:26533][total kept alive: 0; route allocated: 1 of 2000; total allocated: 1 of 2000]
2017-11-21 16:26:20,245 [DEBUG] org.apache.http.impl.execchain.MainClientExec  - Opening connection {}->http://localhost:26533
2017-11-21 16:26:20,245 [DEBUG] org.apache.http.impl.conn.DefaultHttpClientConnectionOperator  - Connecting to localhost/127.0.0.1:26533
2017-11-21 16:26:20,246 [DEBUG] org.apache.http.impl.conn.DefaultHttpClientConnectionOperator  - Connection established 127.0.0.1:57356<->127.0.0.1:26533
2017-11-21 16:26:20,246 [DEBUG] org.apache.http.impl.conn.DefaultManagedHttpClientConnection  - http-outgoing-2: set socket timeout to 10800000
2017-11-21 16:26:20,246 [DEBUG] org.apache.http.impl.execchain.MainClientExec  - Executing request POST /session/d6ea7bfc506a51a27088159a216f775f/url HTTP/1.1
2017-11-21 16:26:20,246 [DEBUG] org.apache.http.impl.execchain.MainClientExec  - Target auth state: UNCHALLENGED
2017-11-21 16:26:20,246 [DEBUG] org.apache.http.impl.execchain.MainClientExec  - Proxy auth state: UNCHALLENGED
2017-11-21 16:26:20,246 [DEBUG] org.apache.http.headers  - http-outgoing-2 >> POST /session/d6ea7bfc506a51a27088159a216f775f/url HTTP/1.1
2017-11-21 16:26:20,246 [DEBUG] org.apache.http.headers  - http-outgoing-2 >> Content-Type: application/json; charset=utf-8
2017-11-21 16:26:20,247 [DEBUG] org.apache.http.headers  - http-outgoing-2 >> Content-Length: 36
2017-11-21 16:26:20,247 [DEBUG] org.apache.http.headers  - http-outgoing-2 >> Host: localhost:26533
2017-11-21 16:26:20,247 [DEBUG] org.apache.http.headers  - http-outgoing-2 >> Connection: Keep-Alive
2017-11-21 16:26:20,247 [DEBUG] org.apache.http.headers  - http-outgoing-2 >> User-Agent: Apache-HttpClient/4.5.3 (Java/1.8.0_131)
2017-11-21 16:26:20,247 [DEBUG] org.apache.http.headers  - http-outgoing-2 >> Accept-Encoding: gzip,deflate
2017-11-21 16:26:20,247 [DEBUG] org.apache.http.wire  - http-outgoing-2 >> "POST /session/d6ea7bfc506a51a27088159a216f775f/url HTTP/1.1[\r][\n]"
2017-11-21 16:26:20,247 [DEBUG] org.apache.http.wire  - http-outgoing-2 >> "Content-Type: application/json; charset=utf-8[\r][\n]"
2017-11-21 16:26:20,247 [DEBUG] org.apache.http.wire  - http-outgoing-2 >> "Content-Length: 36[\r][\n]"
2017-11-21 16:26:20,247 [DEBUG] org.apache.http.wire  - http-outgoing-2 >> "Host: localhost:26533[\r][\n]"
2017-11-21 16:26:20,247 [DEBUG] org.apache.http.wire  - http-outgoing-2 >> "Connection: Keep-Alive[\r][\n]"
2017-11-21 16:26:20,248 [DEBUG] org.apache.http.wire  - http-outgoing-2 >> "User-Agent: Apache-HttpClient/4.5.3 (Java/1.8.0_131)[\r][\n]"
2017-11-21 16:26:20,248 [DEBUG] org.apache.http.wire  - http-outgoing-2 >> "Accept-Encoding: gzip,deflate[\r][\n]"
2017-11-21 16:26:20,248 [DEBUG] org.apache.http.wire  - http-outgoing-2 >> "[\r][\n]"
2017-11-21 16:26:20,248 [DEBUG] org.apache.http.wire  - http-outgoing-2 >> "{"url":"http://qa-tl.trackxnet.com"}"
2017-11-21 16:26:24,260 [DEBUG] org.apache.http.wire  - http-outgoing-2 << "HTTP/1.1 200 OK[\r][\n]"
2017-11-21 16:26:24,260 [DEBUG] org.apache.http.wire  - http-outgoing-2 << "Content-Length:267[\r][\n]"
2017-11-21 16:26:24,260 [DEBUG] org.apache.http.wire  - http-outgoing-2 << "Content-Type:application/json; charset=utf-8[\r][\n]"
2017-11-21 16:26:24,260 [DEBUG] org.apache.http.wire  - http-outgoing-2 << "Connection:close[\r][\n]"
2017-11-21 16:26:24,260 [DEBUG] org.apache.http.wire  - http-outgoing-2 << "[\r][\n]"
2017-11-21 16:26:24,260 [DEBUG] org.apache.http.wire  - http-outgoing-2 << "{"sessionId":"d6ea7bfc506a51a27088159a216f775f","status":100,"value":{"message":"chrome not reachable\n  (Session info: chrome=62.0.3202.94)\n  (Driver info: chromedriver=2.33.506120 (e3e53437346286c0bc2d2dc9aa4915ba81d9023f),platform=Windows NT 10.0.15063 x86_64)"}}"
2017-11-21 16:26:24,260 [DEBUG] org.apache.http.headers  - http-outgoing-2 << HTTP/1.1 200 OK
2017-11-21 16:26:24,260 [DEBUG] org.apache.http.headers  - http-outgoing-2 << Content-Length:267
2017-11-21 16:26:24,260 [DEBUG] org.apache.http.headers  - http-outgoing-2 << Content-Type:application/json; charset=utf-8
2017-11-21 16:26:24,260 [DEBUG] org.apache.http.headers  - http-outgoing-2 << Connection:close
2017-11-21 16:26:24,261 [DEBUG] org.apache.http.impl.conn.DefaultManagedHttpClientConnection  - http-outgoing-2: Close connection
2017-11-21 16:26:24,261 [DEBUG] org.apache.http.impl.execchain.MainClientExec  - Connection discarded
2017-11-21 16:26:24,261 [DEBUG] org.apache.http.impl.conn.PoolingHttpClientConnectionManager  - Connection released: [id: 2][route: {}->http://localhost:26533][total kept alive: 0; route allocated: 0 of 2000; total allocated: 0 of 2000]
 - Auth cache not set in the context
2017-11-21 16:26:19,537 [DEBUG] org.apache.http.impl.conn.PoolingHttpClientConnectionManager  - Connection request: [route: {}->http://localhost:41358][total kept alive: 0; route allocated: 0 of 2000; total allocated: 0 of 2000]
2017-11-21 16:26:19,537 [DEBUG] org.apache.http.impl.conn.PoolingHttpClientConnectionManager  - Connection leased: [id: 3][route: {}->http://localhost:41358][total kept alive: 0; route allocated: 1 of 2000; total allocated: 1 of 2000]
2017-11-21 16:26:19,537 [DEBUG] org.apache.http.impl.execchain.MainClientExec  - Opening connection {}->http://localhost:41358
2017-11-21 16:26:19,537 [DEBUG] org.apache.http.impl.conn.DefaultHttpClientConnectionOperator  - Connecting to localhost/127.0.0.1:41358
2017-11-21 16:26:19,537 [DEBUG] org.apache.http.impl.conn.DefaultHttpClientConnectionOperator  - Connection established 127.0.0.1:57353<->127.0.0.1:41358
2017-11-21 16:26:19,537 [DEBUG] org.apache.http.impl.conn.DefaultManagedHttpClientConnection  - http-outgoing-3: set socket timeout to 10800000
2017-11-21 16:26:19,537 [DEBUG] org.apache.http.impl.execchain.MainClientExec  - Executing request POST /session/554099071775599a3611400414de8550/timeouts HTTP/1.1
2017-11-21 16:26:19,537 [DEBUG] org.apache.http.impl.execchain.MainClientExec  - Target auth state: UNCHALLENGED
2017-11-21 16:26:19,537 [DEBUG] org.apache.http.impl.execchain.MainClientExec  - Proxy auth state: UNCHALLENGED
2017-11-21 16:26:19,537 [DEBUG] org.apache.http.headers  - http-outgoing-3 >> POST /session/554099071775599a3611400414de8550/timeouts HTTP/1.1
2017-11-21 16:26:19,537 [DEBUG] org.apache.http.headers  - http-outgoing-3 >> Content-Type: application/json; charset=utf-8
2017-11-21 16:26:19,537 [DEBUG] org.apache.http.headers  - http-outgoing-3 >> Content-Length: 30
2017-11-21 16:26:19,537 [DEBUG] org.apache.http.headers  - http-outgoing-3 >> Host: localhost:41358
2017-11-21 16:26:19,537 [DEBUG] org.apache.http.headers  - http-outgoing-3 >> Connection: Keep-Alive
2017-11-21 16:26:19,537 [DEBUG] org.apache.http.headers  - http-outgoing-3 >> User-Agent: Apache-HttpClient/4.5.3 (Java/1.8.0_131)
2017-11-21 16:26:19,537 [DEBUG] org.apache.http.headers  - http-outgoing-3 >> Accept-Encoding: gzip,deflate
2017-11-21 16:26:19,537 [DEBUG] org.apache.http.wire  - http-outgoing-3 >> "POST /session/554099071775599a3611400414de8550/timeouts HTTP/1.1[\r][\n]"
2017-11-21 16:26:19,537 [DEBUG] org.apache.http.wire  - http-outgoing-3 >> "Content-Type: application/json; charset=utf-8[\r][\n]"
2017-11-21 16:26:19,537 [DEBUG] org.apache.http.wire  - http-outgoing-3 >> "Content-Length: 30[\r][\n]"
2017-11-21 16:26:19,537 [DEBUG] org.apache.http.wire  - http-outgoing-3 >> "Host: localhost:41358[\r][\n]"
2017-11-21 16:26:19,537 [DEBUG] org.apache.http.wire  - http-outgoing-3 >> "Connection: Keep-Alive[\r][\n]"
2017-11-21 16:26:19,541 [DEBUG] org.apache.http.wire  - http-outgoing-3 >> "User-Agent: Apache-HttpClient/4.5.3 (Java/1.8.0_131)[\r][\n]"
2017-11-21 16:26:19,541 [DEBUG] org.apache.http.wire  - http-outgoing-3 >> "Accept-Encoding: gzip,deflate[\r][\n]"
2017-11-21 16:26:19,541 [DEBUG] org.apache.http.wire  - http-outgoing-3 >> "[\r][\n]"
2017-11-21 16:26:19,541 [DEBUG] org.apache.http.wire  - http-outgoing-3 >> "{"type":"implicit","ms":10000}"
2017-11-21 16:26:19,541 [DEBUG] org.apache.http.wire  - http-outgoing-3 << "HTTP/1.1 200 OK[\r][\n]"
2017-11-21 16:26:19,541 [DEBUG] org.apache.http.wire  - http-outgoing-3 << "Content-Length:72[\r][\n]"
2017-11-21 16:26:19,541 [DEBUG] org.apache.http.wire  - http-outgoing-3 << "Content-Type:application/json; charset=utf-8[\r][\n]"
2017-11-21 16:26:19,541 [DEBUG] org.apache.http.wire  - http-outgoing-3 << "Connection:close[\r][\n]"
2017-11-21 16:26:19,541 [DEBUG] org.apache.http.wire  - http-outgoing-3 << "[\r][\n]"
2017-11-21 16:26:19,541 [DEBUG] org.apache.http.wire  - http-outgoing-3 << "{"sessionId":"554099071775599a3611400414de8550","status":0,"value":null}"
2017-11-21 16:26:19,541 [DEBUG] org.apache.http.headers  - http-outgoing-3 << HTTP/1.1 200 OK
2017-11-21 16:26:19,541 [DEBUG] org.apache.http.headers  - http-outgoing-3 << Content-Length:72
2017-11-21 16:26:19,541 [DEBUG] org.apache.http.headers  - http-outgoing-3 << Content-Type:application/json; charset=utf-8
2017-11-21 16:26:19,541 [DEBUG] org.apache.http.headers  - http-outgoing-3 << Connection:close
2017-11-21 16:26:19,541 [DEBUG] org.apache.http.impl.conn.DefaultManagedHttpClientConnection  - http-outgoing-3: Close connection
2017-11-21 16:26:19,541 [DEBUG] org.apache.http.impl.execchain.MainClientExec  - Connection discarded
2017-11-21 16:26:19,541 [DEBUG] org.apache.http.impl.conn.PoolingHttpClientConnectionManager  - Connection released: [id: 3][route: {}->http://localhost:41358][total kept alive: 0; route allocated: 0 of 2000; total allocated: 0 of 2000]
2017-11-21 16:26:19,577 [DEBUG] devpinoyLogger  - Enter sUsername : rb.admin@gmail.com
2017-11-21 16:26:19,577 [DEBUG] org.apache.http.client.protocol.RequestAddCookies  - CookieSpec selected: default
2017-11-21 16:26:19,577 [DEBUG] org.apache.http.client.protocol.RequestAuthCache  - Auth cache not set in the context
2017-11-21 16:26:19,577 [DEBUG] org.apache.http.impl.conn.PoolingHttpClientConnectionManager  - Connection request: [route: {}->http://localhost:41358][total kept alive: 0; route allocated: 0 of 2000; total allocated: 0 of 2000]
2017-11-21 16:26:19,577 [DEBUG] org.apache.http.impl.conn.PoolingHttpClientConnectionManager  - Connection leased: [id: 4][route: {}->http://localhost:41358][total kept alive: 0; route allocated: 1 of 2000; total allocated: 1 of 2000]
2017-11-21 16:26:19,577 [DEBUG] org.apache.http.impl.execchain.MainClientExec  - Opening connection {}->http://localhost:41358
2017-11-21 16:26:19,577 [DEBUG] org.apache.http.impl.conn.DefaultHttpClientConnectionOperator  - Connecting to localhost/127.0.0.1:41358
2017-11-21 16:26:19,581 [DEBUG] org.apache.http.impl.conn.DefaultHttpClientConnectionOperator  - Connection established 127.0.0.1:57354<->127.0.0.1:41358
2017-11-21 16:26:19,581 [DEBUG] org.apache.http.impl.conn.DefaultManagedHttpClientConnection  - http-outgoing-4: set socket timeout to 10800000
2017-11-21 16:26:19,581 [DEBUG] org.apache.http.impl.execchain.MainClientExec  - Executing request POST /session/554099071775599a3611400414de8550/element HTTP/1.1
2017-11-21 16:26:19,581 [DEBUG] org.apache.http.impl.execchain.MainClientExec  - Target auth state: UNCHALLENGED
2017-11-21 16:26:19,581 [DEBUG] org.apache.http.impl.execchain.MainClientExec  - Proxy auth state: UNCHALLENGED
2017-11-21 16:26:19,581 [DEBUG] org.apache.http.headers  - http-outgoing-4 >> POST /session/554099071775599a3611400414de8550/element HTTP/1.1
2017-11-21 16:26:19,581 [DEBUG] org.apache.http.headers  - http-outgoing-4 >> Content-Type: application/json; charset=utf-8
2017-11-21 16:26:19,581 [DEBUG] org.apache.http.headers  - http-outgoing-4 >> Content-Length: 44
2017-11-21 16:26:19,581 [DEBUG] org.apache.http.headers  - http-outgoing-4 >> Host: localhost:41358
2017-11-21 16:26:19,581 [DEBUG] org.apache.http.headers  - http-outgoing-4 >> Connection: Keep-Alive
2017-11-21 16:26:19,581 [DEBUG] org.apache.http.headers  - http-outgoing-4 >> User-Agent: Apache-HttpClient/4.5.3 (Java/1.8.0_131)
2017-11-21 16:26:19,581 [DEBUG] org.apache.http.headers  - http-outgoing-4 >> Accept-Encoding: gzip,deflate
2017-11-21 16:26:19,581 [DEBUG] org.apache.http.wire  - http-outgoing-4 >> "POST /session/554099071775599a3611400414de8550/element HTTP/1.1[\r][\n]"
2017-11-21 16:26:19,581 [DEBUG] org.apache.http.wire  - http-outgoing-4 >> "Content-Type: application/json; charset=utf-8[\r][\n]"
2017-11-21 16:26:19,581 [DEBUG] org.apache.http.wire  - http-outgoing-4 >> "Content-Length: 44[\r][\n]"
2017-11-21 16:26:19,581 [DEBUG] org.apache.http.wire  - http-outgoing-4 >> "Host: localhost:41358[\r][\n]"
2017-11-21 16:26:19,581 [DEBUG] org.apache.http.wire  - http-outgoing-4 >> "Connection: Keep-Alive[\r][\n]"
2017-11-21 16:26:19,581 [DEBUG] org.apache.http.wire  - http-outgoing-4 >> "User-Agent: Apache-HttpClient/4.5.3 (Java/1.8.0_131)[\r][\n]"
2017-11-21 16:26:19,581 [DEBUG] org.apache.http.wire  - http-outgoing-4 >> "Accept-Encoding: gzip,deflate[\r][\n]"
2017-11-21 16:26:19,581 [DEBUG] org.apache.http.wire  - http-outgoing-4 >> "[\r][\n]"
2017-11-21 16:26:19,581 [DEBUG] org.apache.http.wire  - http-outgoing-4 >> "{"using":"xpath","value":"//*[@id='email']"}"
2017-11-21 16:26:21,322 [DEBUG] org.apache.http.wire  - http-outgoing-4 << "HTTP/1.1 200 OK[\r][\n]"
2017-11-21 16:26:21,322 [DEBUG] org.apache.http.wire  - http-outgoing-4 << "Content-Length:72[\r][\n]"
2017-11-21 16:26:21,322 [DEBUG] org.apache.http.wire  - http-outgoing-4 << "Content-Type:application/json; charset=utf-8[\r][\n]"
2017-11-21 16:26:21,322 [DEBUG] org.apache.http.wire  - http-outgoing-4 << "Connection:close[\r][\n]"
2017-11-21 16:26:21,322 [DEBUG] org.apache.http.wire  - http-outgoing-4 << "[\r][\n]"
2017-11-21 16:26:21,322 [DEBUG] org.apache.http.wire  - http-outgoing-4 << "{"sessionId":"554099071775599a3611400414de8550","status":0,"value":null}"
2017-11-21 16:26:21,322 [DEBUG] org.apache.http.headers  - http-outgoing-4 << HTTP/1.1 200 OK
2017-11-21 16:26:21,322 [DEBUG] org.apache.http.headers  - http-outgoing-4 << Content-Length:72
2017-11-21 16:26:21,322 [DEBUG] org.apache.http.headers  - http-outgoing-4 << Content-Type:application/json; charset=utf-8
2017-11-21 16:26:21,322 [DEBUG] org.apache.http.headers  - http-outgoing-4 << Connection:close
2017-11-21 16:26:21,322 [DEBUG] org.apache.http.impl.conn.DefaultManagedHttpClientConnection  - http-outgoing-4: Close connection
2017-11-21 16:26:21,322 [DEBUG] org.apache.http.impl.execchain.MainClientExec  - Connection discarded
2017-11-21 16:26:21,322 [DEBUG] org.apache.http.impl.conn.PoolingHttpClientConnectionManager  - Connection released: [id: 4][route: {}->http://localhost:41358][total kept alive: 0; route allocated: 0 of 2000; total allocated: 0 of 2000]
2017-11-21 16:26:21,322 [DEBUG] devpinoyLogger  - Enter sPasswordsCompDate : Test@123
2017-11-21 16:26:21,326 [DEBUG] org.apache.http.client.protocol.RequestAddCookies  - CookieSpec selected: default
2017-11-21 16:26:21,326 [DEBUG] org.apache.http.client.protocol.RequestAuthCache  - Auth cache not set in the context
2017-11-21 16:26:21,326 [DEBUG] org.apache.http.impl.conn.PoolingHttpClientConnectionManager  - Connection request: [route: {}->http://localhost:41358][total kept alive: 0; route allocated: 0 of 2000; total allocated: 0 of 2000]
2017-11-21 16:26:21,326 [DEBUG] org.apache.http.impl.conn.PoolingHttpClientConnectionManager  - Connection leased: [id: 5][route: {}->http://localhost:41358][total kept alive: 0; route allocated: 1 of 2000; total allocated: 1 of 2000]
2017-11-21 16:26:21,326 [DEBUG] org.apache.http.impl.execchain.MainClientExec  - Opening connection {}->http://localhost:41358
2017-11-21 16:26:21,326 [DEBUG] org.apache.http.impl.conn.DefaultHttpClientConnectionOperator  - Connecting to localhost/127.0.0.1:41358
2017-11-21 16:26:21,330 [DEBUG] org.apache.http.impl.conn.DefaultHttpClientConnectionOperator  - Connection established 127.0.0.1:57361<->127.0.0.1:41358
2017-11-21 16:26:21,330 [DEBUG] org.apache.http.impl.conn.DefaultManagedHttpClientConnection  - http-outgoing-5: set socket timeout to 10800000
2017-11-21 16:26:21,330 [DEBUG] org.apache.http.impl.execchain.MainClientExec  - Executing request POST /session/554099071775599a3611400414de8550/element HTTP/1.1
2017-11-21 16:26:21,330 [DEBUG] org.apache.http.impl.execchain.MainClientExec  - Target auth state: UNCHALLENGED
2017-11-21 16:26:21,330 [DEBUG] org.apache.http.impl.execchain.MainClientExec  - Proxy auth state: UNCHALLENGED
2017-11-21 16:26:21,330 [DEBUG] org.apache.http.headers  - http-outgoing-5 >> POST /session/554099071775599a3611400414de8550/element HTTP/1.1
2017-11-21 16:26:21,330 [DEBUG] org.apache.http.headers  - http-outgoing-5 >> Content-Type: application/json; charset=utf-8
2017-11-21 16:26:21,330 [DEBUG] org.apache.http.headers  - http-outgoing-5 >> Content-Length: 47
2017-11-21 16:26:21,330 [DEBUG] org.apache.http.headers  - http-outgoing-5 >> Host: localhost:41358
2017-11-21 16:26:21,330 [DEBUG] org.apache.http.headers  - http-outgoing-5 >> Connection: Keep-Alive
2017-11-21 16:26:21,330 [DEBUG] org.apache.http.headers  - http-outgoing-5 >> User-Agent: Apache-HttpClient/4.5.3 (Java/1.8.0_131)
2017-11-21 16:26:21,330 [DEBUG] org.apache.http.headers  - http-outgoing-5 >> Accept-Encoding: gzip,deflate
2017-11-21 16:26:21,330 [DEBUG] org.apache.http.wire  - http-outgoing-5 >> "POST /session/554099071775599a3611400414de8550/element HTTP/1.1[\r][\n]"
2017-11-21 16:26:21,330 [DEBUG] org.apache.http.wire  - http-outgoing-5 >> "Content-Type: application/json; charset=utf-8[\r][\n]"
2017-11-21 16:26:21,330 [DEBUG] org.apache.http.wire  - http-outgoing-5 >> "Content-Length: 47[\r][\n]"
2017-11-21 16:26:21,330 [DEBUG] org.apache.http.wire  - http-outgoing-5 >> "Host: localhost:41358[\r][\n]"
2017-11-21 16:26:21,330 [DEBUG] org.apache.http.wire  - http-outgoing-5 >> "Connection: Keep-Alive[\r][\n]"
2017-11-21 16:26:21,330 [DEBUG] org.apache.http.wire  - http-outgoing-5 >> "User-Agent: Apache-HttpClient/4.5.3 (Java/1.8.0_131)[\r][\n]"
2017-11-21 16:26:21,330 [DEBUG] org.apache.http.wire  - http-outgoing-5 >> "Accept-Encoding: gzip,deflate[\r][\n]"
2017-11-21 16:26:21,330 [DEBUG] org.apache.http.wire  - http-outgoing-5 >> "[\r][\n]"
2017-11-21 16:26:21,330 [DEBUG] org.apache.http.wire  - http-outgoing-5 >> "{"using":"xpath","value":"//*[@id='password']"}"
2017-11-21 16:26:21,334 [DEBUG] org.apache.http.wire  - http-outgoing-5 << "HTTP/1.1 200 OK[\r][\n]"
2017-11-21 16:26:21,334 [DEBUG] org.apache.http.wire  - http-outgoing-5 << "Content-Length:330[\r][\n]"
2017-11-21 16:26:21,334 [DEBUG] org.apache.http.wire  - http-outgoing-5 << "Content-Type:application/json; charset=utf-8[\r][\n]"
2017-11-21 16:26:21,334 [DEBUG] org.apache.http.wire  - http-outgoing-5 << "Connection:close[\r][\n]"
2017-11-21 16:26:21,334 [DEBUG] org.apache.http.wire  - http-outgoing-5 << "[\r][\n]"
2017-11-21 16:26:21,334 [DEBUG] org.apache.http.wire  - http-outgoing-5 << "{"sessionId":"554099071775599a3611400414de8550","status":23,"value":{"message":"no such window: target window already closed\nfrom unknown error: web view not found\n  (Session info: chrome=62.0.3202.94)\n  (Driver info: chromedriver=2.33.506120 (e3e53437346286c0bc2d2dc9aa4915ba81d9023f),platform=Windows NT 10.0.15063 x86_64)"}}"
2017-11-21 16:26:21,334 [DEBUG] org.apache.http.headers  - http-outgoing-5 << HTTP/1.1 200 OK
2017-11-21 16:26:21,334 [DEBUG] org.apache.http.headers  - http-outgoing-5 << Content-Length:330
2017-11-21 16:26:21,334 [DEBUG] org.apache.http.headers  - http-outgoing-5 << Content-Type:application/json; charset=utf-8
2017-11-21 16:26:21,334 [DEBUG] org.apache.http.headers  - http-outgoing-5 << Connection:close
2017-11-21 16:26:21,334 [DEBUG] org.apache.http.impl.conn.DefaultManagedHttpClientConnection  - http-outgoing-5: Close connection
2017-11-21 16:26:21,334 [DEBUG] org.apache.http.impl.execchain.MainClientExec  - Connection discarded
2017-11-21 16:26:21,334 [DEBUG] org.apache.http.impl.conn.PoolingHttpClientConnectionManager  - Connection released: [id: 5][route: {}->http://localhost:41358][total kept alive: 0; route allocated: 0 of 2000; total allocated: 0 of 2000]
2017-11-21 16:26:21,354 [DEBUG] org.apache.http.client.protocol.RequestAddCookies  - CookieSpec selected: default
2017-11-21 16:26:21,354 [DEBUG] org.apache.http.client.protocol.RequestAuthCache  - Auth cache not set in the context
2017-11-21 16:26:21,354 [DEBUG] org.apache.http.impl.conn.PoolingHttpClientConnectionManager  - Connection request: [route: {}->http://localhost:41358][total kept alive: 0; route allocated: 0 of 2000; total allocated: 0 of 2000]
2017-11-21 16:26:21,354 [DEBUG] org.apache.http.impl.conn.PoolingHttpClientConnectionManager  - Connection leased: [id: 6][route: {}->http://localhost:41358][total kept alive: 0; route allocated: 1 of 2000; total allocated: 1 of 2000]
2017-11-21 16:26:21,354 [DEBUG] org.apache.http.impl.execchain.MainClientExec  - Opening connection {}->http://localhost:41358
2017-11-21 16:26:21,354 [DEBUG] org.apache.http.impl.conn.DefaultHttpClientConnectionOperator  - Connecting to localhost/127.0.0.1:41358
2017-11-21 16:26:21,354 [DEBUG] org.apache.http.impl.conn.DefaultHttpClientConnectionOperator  - Connection established 127.0.0.1:57362<->127.0.0.1:41358
2017-11-21 16:26:21,358 [DEBUG] org.apache.http.impl.conn.DefaultManagedHttpClientConnection  - http-outgoing-6: set socket timeout to 10800000
2017-11-21 16:26:21,358 [DEBUG] org.apache.http.impl.execchain.MainClientExec  - Executing request POST /session/554099071775599a3611400414de8550/element HTTP/1.1
2017-11-21 16:26:21,358 [DEBUG] org.apache.http.impl.execchain.MainClientExec  - Target auth state: UNCHALLENGED
2017-11-21 16:26:21,358 [DEBUG] org.apache.http.impl.execchain.MainClientExec  - Proxy auth state: UNCHALLENGED
2017-11-21 16:26:21,358 [DEBUG] org.apache.http.headers  - http-outgoing-6 >> POST /session/554099071775599a3611400414de8550/element HTTP/1.1
2017-11-21 16:26:21,358 [DEBUG] org.apache.http.headers  - http-outgoing-6 >> Content-Type: application/json; charset=utf-8
2017-11-21 16:26:21,358 [DEBUG] org.apache.http.headers  - http-outgoing-6 >> Content-Length: 81
2017-11-21 16:26:21,358 [DEBUG] org.apache.http.headers  - http-outgoing-6 >> Host: localhost:41358
2017-11-21 16:26:21,358 [DEBUG] org.apache.http.headers  - http-outgoing-6 >> Connection: Keep-Alive
2017-11-21 16:26:21,358 [DEBUG] org.apache.http.headers  - http-outgoing-6 >> User-Agent: Apache-HttpClient/4.5.3 (Java/1.8.0_131)
2017-11-21 16:26:21,358 [DEBUG] org.apache.http.headers  - http-outgoing-6 >> Accept-Encoding: gzip,deflate
2017-11-21 16:26:21,358 [DEBUG] org.apache.http.wire  - http-outgoing-6 >> "POST /session/554099071775599a3611400414de8550/element HTTP/1.1[\r][\n]"
2017-11-21 16:26:21,358 [DEBUG] org.apache.http.wire  - http-outgoing-6 >> "Content-Type: application/json; charset=utf-8[\r][\n]"
2017-11-21 16:26:21,358 [DEBUG] org.apache.http.wire  - http-outgoing-6 >> "Content-Length: 81[\r][\n]"
2017-11-21 16:26:21,358 [DEBUG] org.apache.http.wire  - http-outgoing-6 >> "Host: localhost:41358[\r][\n]"
2017-11-21 16:26:21,358 [DEBUG] org.apache.http.wire  - http-outgoing-6 >> "Connection: Keep-Alive[\r][\n]"
2017-11-21 16:26:21,358 [DEBUG] org.apache.http.wire  - http-outgoing-6 >> "User-Agent: Apache-HttpClient/4.5.3 (Java/1.8.0_131)[\r][\n]"
2017-11-21 16:26:21,358 [DEBUG] org.apache.http.wire  - http-outgoing-6 >> "Accept-Encoding: gzip,deflate[\r][\n]"
2017-11-21 16:26:21,358 [DEBUG] org.apache.http.wire  - http-outgoing-6 >> "[\r][\n]"
2017-11-21 16:26:21,358 [DEBUG] org.apache.http.wire  - http-outgoing-6 >> "{"using":"xpath","value":"//*[@id='login']/div[2]/div[1]/div[2]/form/div/button"}"
2017-11-21 16:26:21,362 [DEBUG] org.apache.http.wire  - http-outgoing-6 << "HTTP/1.1 200 OK[\r][\n]"
2017-11-21 16:26:21,362 [DEBUG] org.apache.http.wire  - http-outgoing-6 << "Content-Length:330[\r][\n]"
2017-11-21 16:26:21,362 [DEBUG] org.apache.http.wire  - http-outgoing-6 << "Content-Type:application/json; charset=utf-8[\r][\n]"
2017-11-21 16:26:21,362 [DEBUG] org.apache.http.wire  - http-outgoing-6 << "Connection:close[\r][\n]"
2017-11-21 16:26:21,362 [DEBUG] org.apache.http.wire  - http-outgoing-6 << "[\r][\n]"
2017-11-21 16:26:21,362 [DEBUG] org.apache.http.wire  - http-outgoing-6 << "{"sessionId":"554099071775599a3611400414de8550","status":23,"value":{"message":"no such window: target window already closed\nfrom unknown error: web view not found\n  (Session info: chrome=62.0.3202.94)\n  (Driver info: chromedriver=2.33.506120 (e3e53437346286c0bc2d2dc9aa4915ba81d9023f),platform=Windows NT 10.0.15063 x86_64)"}}"
2017-11-21 16:26:21,362 [DEBUG] org.apache.http.headers  - http-outgoing-6 << HTTP/1.1 200 OK
2017-11-21 16:26:21,362 [DEBUG] org.apache.http.headers  - http-outgoing-6 << Content-Length:330
2017-11-21 16:26:21,362 [DEBUG] org.apache.http.headers  - http-outgoing-6 << Content-Type:application/json; charset=utf-8
2017-11-21 16:26:21,362 [DEBUG] org.apache.http.headers  - http-outgoing-6 << Connection:close
2017-11-21 16:26:21,362 [DEBUG] org.apache.http.impl.conn.DefaultManagedHttpClientConnection  - http-outgoing-6: Close connection
2017-11-21 16:26:21,362 [DEBUG] org.apache.http.impl.execchain.MainClientExec  - Connection discarded
2017-11-21 16:26:21,362 [DEBUG] org.apache.http.impl.conn.PoolingHttpClientConnectionManager  - Connection released: [id: 6][route: {}->http://localhost:41358][total kept alive: 0; route allocated: 0 of 2000; total allocated: 0 of 2000]
2017-11-21 16:26:21,370 [DEBUG] org.apache.http.client.protocol.RequestAddCookies  - CookieSpec selected: default
2017-11-21 16:26:21,370 [DEBUG] org.apache.http.client.protocol.RequestAuthCache  - Auth cache not set in the context
2017-11-21 16:26:21,370 [DEBUG] org.apache.http.impl.conn.PoolingHttpClientConnectionManager  - Connection request: [route: {}->http://localhost:41358][total kept alive: 0; route allocated: 0 of 2000; total allocated: 0 of 2000]
2017-11-21 16:26:21,370 [DEBUG] org.apache.http.impl.conn.PoolingHttpClientConnectionManager  - Connection leased: [id: 7][route: {}->http://localhost:41358][total kept alive: 0; route allocated: 1 of 2000; total allocated: 1 of 2000]
2017-11-21 16:26:21,370 [DEBUG] org.apache.http.impl.execchain.MainClientExec  - Opening connection {}->http://localhost:41358
2017-11-21 16:26:21,370 [DEBUG] org.apache.http.impl.conn.DefaultHttpClientConnectionOperator  - Connecting to localhost/127.0.0.1:41358
2017-11-21 16:26:21,370 [DEBUG] org.apache.http.impl.conn.DefaultHttpClientConnectionOperator  - Connection established 127.0.0.1:57363<->127.0.0.1:41358
2017-11-21 16:26:21,370 [DEBUG] org.apache.http.impl.conn.DefaultManagedHttpClientConnection  - http-outgoing-7: set socket timeout to 10800000
2017-11-21 16:26:21,370 [DEBUG] org.apache.http.impl.execchain.MainClientExec  - Executing request GET /session/554099071775599a3611400414de8550/screenshot HTTP/1.1
2017-11-21 16:26:21,370 [DEBUG] org.apache.http.impl.execchain.MainClientExec  - Target auth state: UNCHALLENGED
2017-11-21 16:26:21,374 [DEBUG] org.apache.http.impl.execchain.MainClientExec  - Proxy auth state: UNCHALLENGED
2017-11-21 16:26:21,374 [DEBUG] org.apache.http.headers  - http-outgoing-7 >> GET /session/554099071775599a3611400414de8550/screenshot HTTP/1.1
2017-11-21 16:26:21,374 [DEBUG] org.apache.http.headers  - http-outgoing-7 >> Cache-Control: no-cache
2017-11-21 16:26:21,374 [DEBUG] org.apache.http.headers  - http-outgoing-7 >> Host: localhost:41358
2017-11-21 16:26:21,374 [DEBUG] org.apache.http.headers  - http-outgoing-7 >> Connection: Keep-Alive
2017-11-21 16:26:21,374 [DEBUG] org.apache.http.headers  - http-outgoing-7 >> User-Agent: Apache-HttpClient/4.5.3 (Java/1.8.0_131)
2017-11-21 16:26:21,374 [DEBUG] org.apache.http.headers  - http-outgoing-7 >> Accept-Encoding: gzip,deflate
2017-11-21 16:26:21,374 [DEBUG] org.apache.http.wire  - http-outgoing-7 >> "GET /session/554099071775599a3611400414de8550/screenshot HTTP/1.1[\r][\n]"
2017-11-21 16:26:21,374 [DEBUG] org.apache.http.wire  - http-outgoing-7 >> "Cache-Control: no-cache[\r][\n]"
2017-11-21 16:26:21,374 [DEBUG] org.apache.http.wire  - http-outgoing-7 >> "Host: localhost:41358[\r][\n]"
2017-11-21 16:26:21,374 [DEBUG] org.apache.http.wire  - http-outgoing-7 >> "Connection: Keep-Alive[\r][\n]"
2017-11-21 16:26:21,374 [DEBUG] org.apache.http.wire  - http-outgoing-7 >> "User-Agent: Apache-HttpClient/4.5.3 (Java/1.8.0_131)[\r][\n]"
2017-11-21 16:26:21,374 [DEBUG] org.apache.http.wire  - http-outgoing-7 >> "Accept-Encoding: gzip,deflate[\r][\n]"
2017-11-21 16:26:21,374 [DEBUG] org.apache.http.wire  - http-outgoing-7 >> "[\r][\n]"
2017-11-21 16:26:21,377 [DEBUG] org.apache.http.wire  - http-outgoing-7 << "HTTP/1.1 200 OK[\r][\n]"
2017-11-21 16:26:21,377 [DEBUG] org.apache.http.wire  - http-outgoing-7 << "Content-Length:330[\r][\n]"
2017-11-21 16:26:21,377 [DEBUG] org.apache.http.wire  - http-outgoing-7 << "Content-Type:application/json; charset=utf-8[\r][\n]"
2017-11-21 16:26:21,378 [DEBUG] org.apache.http.wire  - http-outgoing-7 << "Connection:close[\r][\n]"
2017-11-21 16:26:21,378 [DEBUG] org.apache.http.wire  - http-outgoing-7 << "[\r][\n]"
2017-11-21 16:26:21,378 [DEBUG] org.apache.http.wire  - http-outgoing-7 << "{"sessionId":"554099071775599a3611400414de8550","status":23,"value":{"message":"no such window: target window already closed\nfrom unknown error: web view not found\n  (Session info: chrome=62.0.3202.94)\n  (Driver info: chromedriver=2.33.506120 (e3e53437346286c0bc2d2dc9aa4915ba81d9023f),platform=Windows NT 10.0.15063 x86_64)"}}"
2017-11-21 16:26:21,378 [DEBUG] org.apache.http.headers  - http-outgoing-7 << HTTP/1.1 200 OK
2017-11-21 16:26:21,378 [DEBUG] org.apache.http.headers  - http-outgoing-7 << Content-Length:330
2017-11-21 16:26:21,378 [DEBUG] org.apache.http.headers  - http-outgoing-7 << Content-Type:application/json; charset=utf-8
2017-11-21 16:26:21,378 [DEBUG] org.apache.http.headers  - http-outgoing-7 << Connection:close
2017-11-21 16:26:21,378 [DEBUG] org.apache.http.impl.conn.DefaultManagedHttpClientConnection  - http-outgoing-7: Close connection
2017-11-21 16:26:21,378 [DEBUG] org.apache.http.impl.execchain.MainClientExec  - Connection discarded
2017-11-21 16:26:21,378 [DEBUG] org.apache.http.impl.conn.PoolingHttpClientConnectionManager  - Connection released: [id: 7][route: {}->http://localhost:41358][total kept alive: 0; route allocated: 0 of 2000; total allocated: 0 of 2000]
2017-11-21 16:26:21,402 [DEBUG] devpinoyLogger  - Click button : menu_administration
2017-11-21 16:26:21,407 [DEBUG] org.apache.http.client.protocol.RequestAddCookies  - CookieSpec selected: default
2017-11-21 16:26:21,407 [DEBUG] org.apache.http.client.protocol.RequestAuthCache  - Auth cache not set in the context
2017-11-21 16:26:21,407 [DEBUG] org.apache.http.impl.conn.PoolingHttpClientConnectionManager  - Connection request: [route: {}->http://localhost:41358][total kept alive: 0; route allocated: 0 of 2000; total allocated: 0 of 2000]
2017-11-21 16:26:21,407 [DEBUG] org.apache.http.impl.conn.PoolingHttpClientConnectionManager  - Connection leased: [id: 8][route: {}->http://localhost:41358][total kept alive: 0; route allocated: 1 of 2000; total allocated: 1 of 2000]
2017-11-21 16:26:21,407 [DEBUG] org.apache.http.impl.execchain.MainClientExec  - Opening connection {}->http://localhost:41358
2017-11-21 16:26:21,407 [DEBUG] org.apache.http.impl.conn.DefaultHttpClientConnectionOperator  - Connecting to localhost/127.0.0.1:41358
2017-11-21 16:26:21,408 [DEBUG] org.apache.http.impl.conn.DefaultHttpClientConnectionOperator  - Connection established 127.0.0.1:57364<->127.0.0.1:41358
2017-11-21 16:26:21,408 [DEBUG] org.apache.http.impl.conn.DefaultManagedHttpClientConnection  - http-outgoing-8: set socket timeout to 10800000
2017-11-21 16:26:21,408 [DEBUG] org.apache.http.impl.execchain.MainClientExec  - Executing request POST /session/554099071775599a3611400414de8550/element HTTP/1.1
2017-11-21 16:26:21,408 [DEBUG] org.apache.http.impl.execchain.MainClientExec  - Target auth state: UNCHALLENGED
2017-11-21 16:26:21,408 [DEBUG] org.apache.http.impl.execchain.MainClientExec  - Proxy auth state: UNCHALLENGED
2017-11-21 16:26:21,409 [DEBUG] org.apache.http.headers  - http-outgoing-8 >> POST /session/554099071775599a3611400414de8550/element HTTP/1.1
2017-11-21 16:26:21,409 [DEBUG] org.apache.http.headers  - http-outgoing-8 >> Content-Type: application/json; charset=utf-8
2017-11-21 16:26:21,409 [DEBUG] org.apache.http.headers  - http-outgoing-8 >> Content-Length: 67
2017-11-21 16:26:21,409 [DEBUG] org.apache.http.headers  - http-outgoing-8 >> Host: localhost:41358
2017-11-21 16:26:21,409 [DEBUG] org.apache.http.headers  - http-outgoing-8 >> Connection: Keep-Alive
2017-11-21 16:26:21,409 [DEBUG] org.apache.http.headers  - http-outgoing-8 >> User-Agent: Apache-HttpClient/4.5.3 (Java/1.8.0_131)
2017-11-21 16:26:21,409 [DEBUG] org.apache.http.headers  - http-outgoing-8 >> Accept-Encoding: gzip,deflate
2017-11-21 16:26:21,409 [DEBUG] org.apache.http.wire  - http-outgoing-8 >> "POST /session/554099071775599a3611400414de8550/element HTTP/1.1[\r][\n]"
2017-11-21 16:26:21,409 [DEBUG] org.apache.http.wire  - http-outgoing-8 >> "Content-Type: application/json; charset=utf-8[\r][\n]"
2017-11-21 16:26:21,409 [DEBUG] org.apache.http.wire  - http-outgoing-8 >> "Content-Length: 67[\r][\n]"
2017-11-21 16:26:21,409 [DEBUG] org.apache.http.wire  - http-outgoing-8 >> "Host: localhost:41358[\r][\n]"
2017-11-21 16:26:21,409 [DEBUG] org.apache.http.wire  - http-outgoing-8 >> "Connection: Keep-Alive[\r][\n]"
2017-11-21 16:26:21,409 [DEBUG] org.apache.http.wire  - http-outgoing-8 >> "User-Agent: Apache-HttpClient/4.5.3 (Java/1.8.0_131)[\r][\n]"
2017-11-21 16:26:21,409 [DEBUG] org.apache.http.wire  - http-outgoing-8 >> "Accept-Encoding: gzip,deflate[\r][\n]"
2017-11-21 16:26:21,409 [DEBUG] org.apache.http.wire  - http-outgoing-8 >> "[\r][\n]"
2017-11-21 16:26:21,409 [DEBUG] org.apache.http.wire  - http-outgoing-8 >> "{"using":"xpath","value":"//*[@id=\"menuField\"]/ul[11]/li/a/span"}"
2017-11-21 16:26:21,410 [DEBUG] org.apache.http.wire  - http-outgoing-8 << "HTTP/1.1 200 OK[\r][\n]"
2017-11-21 16:26:21,411 [DEBUG] org.apache.http.wire  - http-outgoing-8 << "Content-Length:330[\r][\n]"
2017-11-21 16:26:21,411 [DEBUG] org.apache.http.wire  - http-outgoing-8 << "Content-Type:application/json; charset=utf-8[\r][\n]"
2017-11-21 16:26:21,411 [DEBUG] org.apache.http.wire  - http-outgoing-8 << "Connection:close[\r][\n]"
2017-11-21 16:26:21,411 [DEBUG] org.apache.http.wire  - http-outgoing-8 << "[\r][\n]"
2017-11-21 16:26:21,411 [DEBUG] org.apache.http.wire  - http-outgoing-8 << "{"sessionId":"554099071775599a3611400414de8550","status":23,"value":{"message":"no such window: target window already closed\nfrom unknown error: web view not found\n  (Session info: chrome=62.0.3202.94)\n  (Driver info: chromedriver=2.33.506120 (e3e53437346286c0bc2d2dc9aa4915ba81d9023f),platform=Windows NT 10.0.15063 x86_64)"}}"
2017-11-21 16:26:21,411 [DEBUG] org.apache.http.headers  - http-outgoing-8 << HTTP/1.1 200 OK
2017-11-21 16:26:21,411 [DEBUG] org.apache.http.headers  - http-outgoing-8 << Content-Length:330
2017-11-21 16:26:21,411 [DEBUG] org.apache.http.headers  - http-outgoing-8 << Content-Type:application/json; charset=utf-8
2017-11-21 16:26:21,411 [DEBUG] org.apache.http.headers  - http-outgoing-8 << Connection:close
2017-11-21 16:26:21,412 [DEBUG] org.apache.http.impl.conn.DefaultManagedHttpClientConnection  - http-outgoing-8: Close connection
2017-11-21 16:26:21,412 [DEBUG] org.apache.http.impl.execchain.MainClientExec  - Connection discarded
2017-11-21 16:26:21,412 [DEBUG] org.apache.http.impl.conn.PoolingHttpClientConnectionManager  - Connection released: [id: 8][route: {}->http://localhost:41358][total kept alive: 0; route allocated: 0 of 2000; total allocated: 0 of 2000]
2017-11-21 16:26:21,414 [DEBUG] devpinoyLogger  - Click link: menu_Facility
2017-11-21 16:26:21,415 [DEBUG] org.apache.http.client.protocol.RequestAddCookies  - CookieSpec selected: default
2017-11-21 16:26:21,415 [DEBUG] org.apache.http.client.protocol.RequestAuthCache  - Auth cache not set in the context
2017-11-21 16:26:21,415 [DEBUG] org.apache.http.impl.conn.PoolingHttpClientConnectionManager  - Connection request: [route: {}->http://localhost:41358][total kept alive: 0; route allocated: 0 of 2000; total allocated: 0 of 2000]
2017-11-21 16:26:21,416 [DEBUG] org.apache.http.impl.conn.PoolingHttpClientConnectionManager  - Connection leased: [id: 9][route: {}->http://localhost:41358][total kept alive: 0; route allocated: 1 of 2000; total allocated: 1 of 2000]
2017-11-21 16:26:21,416 [DEBUG] org.apache.http.impl.execchain.MainClientExec  - Opening connection {}->http://localhost:41358
2017-11-21 16:26:21,416 [DEBUG] org.apache.http.impl.conn.DefaultHttpClientConnectionOperator  - Connecting to localhost/127.0.0.1:41358
2017-11-21 16:26:21,416 [DEBUG] org.apache.http.impl.conn.DefaultHttpClientConnectionOperator  - Connection established 127.0.0.1:57365<->127.0.0.1:41358
2017-11-21 16:26:21,416 [DEBUG] org.apache.http.impl.conn.DefaultManagedHttpClientConnection  - http-outgoing-9: set socket timeout to 10800000
2017-11-21 16:26:21,416 [DEBUG] org.apache.http.impl.execchain.MainClientExec  - Executing request POST /session/554099071775599a3611400414de8550/element HTTP/1.1
2017-11-21 16:26:21,416 [DEBUG] org.apache.http.impl.execchain.MainClientExec  - Target auth state: UNCHALLENGED
2017-11-21 16:26:21,416 [DEBUG] org.apache.http.impl.execchain.MainClientExec  - Proxy auth state: UNCHALLENGED
2017-11-21 16:26:21,417 [DEBUG] org.apache.http.headers  - http-outgoing-9 >> POST /session/554099071775599a3611400414de8550/element HTTP/1.1
2017-11-21 16:26:21,417 [DEBUG] org.apache.http.headers  - http-outgoing-9 >> Content-Type: application/json; charset=utf-8
2017-11-21 16:26:21,417 [DEBUG] org.apache.http.headers  - http-outgoing-9 >> Content-Length: 40
2017-11-21 16:26:21,417 [DEBUG] org.apache.http.headers  - http-outgoing-9 >> Host: localhost:41358
2017-11-21 16:26:21,417 [DEBUG] org.apache.http.headers  - http-outgoing-9 >> Connection: Keep-Alive
2017-11-21 16:26:21,417 [DEBUG] org.apache.http.headers  - http-outgoing-9 >> User-Agent: Apache-HttpClient/4.5.3 (Java/1.8.0_131)
2017-11-21 16:26:21,417 [DEBUG] org.apache.http.headers  - http-outgoing-9 >> Accept-Encoding: gzip,deflate
2017-11-21 16:26:21,417 [DEBUG] org.apache.http.wire  - http-outgoing-9 >> "POST /session/554099071775599a3611400414de8550/element HTTP/1.1[\r][\n]"
2017-11-21 16:26:21,417 [DEBUG] org.apache.http.wire  - http-outgoing-9 >> "Content-Type: application/json; charset=utf-8[\r][\n]"
2017-11-21 16:26:21,417 [DEBUG] org.apache.http.wire  - http-outgoing-9 >> "Content-Length: 40[\r][\n]"
2017-11-21 16:26:21,417 [DEBUG] org.apache.http.wire  - http-outgoing-9 >> "Host: localhost:41358[\r][\n]"
2017-11-21 16:26:21,417 [DEBUG] org.apache.http.wire  - http-outgoing-9 >> "Connection: Keep-Alive[\r][\n]"
2017-11-21 16:26:21,417 [DEBUG] org.apache.http.wire  - http-outgoing-9 >> "User-Agent: Apache-HttpClient/4.5.3 (Java/1.8.0_131)[\r][\n]"
2017-11-21 16:26:21,417 [DEBUG] org.apache.http.wire  - http-outgoing-9 >> "Accept-Encoding: gzip,deflate[\r][\n]"
2017-11-21 16:26:21,417 [DEBUG] org.apache.http.wire  - http-outgoing-9 >> "[\r][\n]"
2017-11-21 16:26:21,417 [DEBUG] org.apache.http.wire  - http-outgoing-9 >> "{"using":"link text","value":"Facility"}"
2017-11-21 16:26:21,418 [DEBUG] org.apache.http.wire  - http-outgoing-9 << "HTTP/1.1 200 OK[\r][\n]"
2017-11-21 16:26:21,418 [DEBUG] org.apache.http.wire  - http-outgoing-9 << "Content-Length:330[\r][\n]"
2017-11-21 16:26:21,418 [DEBUG] org.apache.http.wire  - http-outgoing-9 << "Content-Type:application/json; charset=utf-8[\r][\n]"
2017-11-21 16:26:21,418 [DEBUG] org.apache.http.wire  - http-outgoing-9 << "Connection:close[\r][\n]"
2017-11-21 16:26:21,418 [DEBUG] org.apache.http.wire  - http-outgoing-9 << "[\r][\n]"
2017-11-21 16:26:21,418 [DEBUG] org.apache.http.wire  - http-outgoing-9 << "{"sessionId":"554099071775599a3611400414de8550","status":23,"value":{"message":"no such window: target window already closed\nfrom unknown error: web view not found\n  (Session info: chrome=62.0.3202.94)\n  (Driver info: chromedriver=2.33.506120 (e3e53437346286c0bc2d2dc9aa4915ba81d9023f),platform=Windows NT 10.0.15063 x86_64)"}}"
2017-11-21 16:26:21,418 [DEBUG] org.apache.http.headers  - http-outgoing-9 << HTTP/1.1 200 OK
2017-11-21 16:26:21,418 [DEBUG] org.apache.http.headers  - http-outgoing-9 << Content-Length:330
2017-11-21 16:26:21,418 [DEBUG] org.apache.http.headers  - http-outgoing-9 << Content-Type:application/json; charset=utf-8
2017-11-21 16:26:21,418 [DEBUG] org.apache.http.headers  - http-outgoing-9 << Connection:close
2017-11-21 16:26:21,419 [DEBUG] org.apache.http.impl.conn.DefaultManagedHttpClientConnection  - http-outgoing-9: Close connection
2017-11-21 16:26:21,419 [DEBUG] org.apache.http.impl.execchain.MainClientExec  - Connection discarded
2017-11-21 16:26:21,419 [DEBUG] org.apache.http.impl.conn.PoolingHttpClientConnectionManager  - Connection released: [id: 9][route: {}->http://localhost:41358][total kept alive: 0; route allocated: 0 of 2000; total allocated: 0 of 2000]
2017-11-21 16:26:22,422 [DEBUG] org.apache.http.client.protocol.RequestAddCookies  - CookieSpec selected: default
2017-11-21 16:26:22,422 [DEBUG] org.apache.http.client.protocol.RequestAuthCache  - Auth cache not set in the context
2017-11-21 16:26:22,422 [DEBUG] org.apache.http.impl.conn.PoolingHttpClientConnectionManager  - Connection request: [route: {}->http://localhost:41358][total kept alive: 0; route allocated: 0 of 2000; total allocated: 0 of 2000]
2017-11-21 16:26:22,422 [DEBUG] org.apache.http.impl.conn.PoolingHttpClientConnectionManager  - Connection leased: [id: 10][route: {}->http://localhost:41358][total kept alive: 0; route allocated: 1 of 2000; total allocated: 1 of 2000]
2017-11-21 16:26:22,422 [DEBUG] org.apache.http.impl.execchain.MainClientExec  - Opening connection {}->http://localhost:41358
2017-11-21 16:26:22,422 [DEBUG] org.apache.http.impl.conn.DefaultHttpClientConnectionOperator  - Connecting to localhost/127.0.0.1:41358
2017-11-21 16:26:22,422 [DEBUG] org.apache.http.impl.conn.DefaultHttpClientConnectionOperator  - Connection established 127.0.0.1:57369<->127.0.0.1:41358
2017-11-21 16:26:22,422 [DEBUG] org.apache.http.impl.conn.DefaultManagedHttpClientConnection  - http-outgoing-10: set socket timeout to 10800000
2017-11-21 16:26:22,422 [DEBUG] org.apache.http.impl.execchain.MainClientExec  - Executing request GET /session/554099071775599a3611400414de8550/screenshot HTTP/1.1
2017-11-21 16:26:22,422 [DEBUG] org.apache.http.impl.execchain.MainClientExec  - Target auth state: UNCHALLENGED
2017-11-21 16:26:22,422 [DEBUG] org.apache.http.impl.execchain.MainClientExec  - Proxy auth state: UNCHALLENGED
2017-11-21 16:26:22,422 [DEBUG] org.apache.http.headers  - http-outgoing-10 >> GET /session/554099071775599a3611400414de8550/screenshot HTTP/1.1
2017-11-21 16:26:22,422 [DEBUG] org.apache.http.headers  - http-outgoing-10 >> Cache-Control: no-cache
2017-11-21 16:26:22,422 [DEBUG] org.apache.http.headers  - http-outgoing-10 >> Host: localhost:41358
2017-11-21 16:26:22,422 [DEBUG] org.apache.http.headers  - http-outgoing-10 >> Connection: Keep-Alive
2017-11-21 16:26:22,422 [DEBUG] org.apache.http.headers  - http-outgoing-10 >> User-Agent: Apache-HttpClient/4.5.3 (Java/1.8.0_131)
2017-11-21 16:26:22,422 [DEBUG] org.apache.http.headers  - http-outgoing-10 >> Accept-Encoding: gzip,deflate
2017-11-21 16:26:22,422 [DEBUG] org.apache.http.wire  - http-outgoing-10 >> "GET /session/554099071775599a3611400414de8550/screenshot HTTP/1.1[\r][\n]"
2017-11-21 16:26:22,422 [DEBUG] org.apache.http.wire  - http-outgoing-10 >> "Cache-Control: no-cache[\r][\n]"
2017-11-21 16:26:22,422 [DEBUG] org.apache.http.wire  - http-outgoing-10 >> "Host: localhost:41358[\r][\n]"
2017-11-21 16:26:22,422 [DEBUG] org.apache.http.wire  - http-outgoing-10 >> "Connection: Keep-Alive[\r][\n]"
2017-11-21 16:26:22,422 [DEBUG] org.apache.http.wire  - http-outgoing-10 >> "User-Agent: Apache-HttpClient/4.5.3 (Java/1.8.0_131)[\r][\n]"
2017-11-21 16:26:22,422 [DEBUG] org.apache.http.wire  - http-outgoing-10 >> "Accept-Encoding: gzip,deflate[\r][\n]"
2017-11-21 16:26:22,422 [DEBUG] org.apache.http.wire  - http-outgoing-10 >> "[\r][\n]"
2017-11-21 16:26:22,422 [DEBUG] org.apache.http.wire  - http-outgoing-10 << "HTTP/1.1 200 OK[\r][\n]"
2017-11-21 16:26:22,422 [DEBUG] org.apache.http.wire  - http-outgoing-10 << "Content-Length:330[\r][\n]"
2017-11-21 16:26:22,422 [DEBUG] org.apache.http.wire  - http-outgoing-10 << "Content-Type:application/json; charset=utf-8[\r][\n]"
2017-11-21 16:26:22,422 [DEBUG] org.apache.http.wire  - http-outgoing-10 << "Connection:close[\r][\n]"
2017-11-21 16:26:22,422 [DEBUG] org.apache.http.wire  - http-outgoing-10 << "[\r][\n]"
2017-11-21 16:26:22,426 [DEBUG] org.apache.http.wire  - http-outgoing-10 << "{"sessionId":"554099071775599a3611400414de8550","status":23,"value":{"message":"no such window: target window already closed\nfrom unknown error: web view not found\n  (Session info: chrome=62.0.3202.94)\n  (Driver info: chromedriver=2.33.506120 (e3e53437346286c0bc2d2dc9aa4915ba81d9023f),platform=Windows NT 10.0.15063 x86_64)"}}"
2017-11-21 16:26:22,426 [DEBUG] org.apache.http.headers  - http-outgoing-10 << HTTP/1.1 200 OK
2017-11-21 16:26:22,426 [DEBUG] org.apache.http.headers  - http-outgoing-10 << Content-Length:330
2017-11-21 16:26:22,426 [DEBUG] org.apache.http.headers  - http-outgoing-10 << Content-Type:application/json; charset=utf-8
2017-11-21 16:26:22,426 [DEBUG] org.apache.http.headers  - http-outgoing-10 << Connection:close
2017-11-21 16:26:22,426 [DEBUG] org.apache.http.impl.conn.DefaultManagedHttpClientConnection  - http-outgoing-10: Close connection
2017-11-21 16:26:22,426 [DEBUG] org.apache.http.impl.execchain.MainClientExec  - Connection discarded
2017-11-21 16:26:22,426 [DEBUG] org.apache.http.impl.conn.PoolingHttpClientConnectionManager  - Connection released: [id: 10][route: {}->http://localhost:41358][total kept alive: 0; route allocated: 0 of 2000; total allocated: 0 of 2000]
2017-11-21 16:26:27,430 [DEBUG] org.apache.http.client.protocol.RequestAddCookies  - CookieSpec selected: default
2017-11-21 16:26:27,430 [DEBUG] org.apache.http.client.protocol.RequestAuthCache  - Auth cache not set in the context
2017-11-21 16:26:27,430 [DEBUG] org.apache.http.impl.conn.PoolingHttpClientConnectionManager  - Connection request: [route: {}->http://localhost:41358][total kept alive: 0; route allocated: 0 of 2000; total allocated: 0 of 2000]
2017-11-21 16:26:27,430 [DEBUG] org.apache.http.impl.conn.PoolingHttpClientConnectionManager  - Connection leased: [id: 11][route: {}->http://localhost:41358][total kept alive: 0; route allocated: 1 of 2000; total allocated: 1 of 2000]
2017-11-21 16:26:27,430 [DEBUG] org.apache.http.impl.execchain.MainClientExec  - Opening connection {}->http://localhost:41358
2017-11-21 16:26:27,430 [DEBUG] org.apache.http.impl.conn.DefaultHttpClientConnectionOperator  - Connecting to localhost/127.0.0.1:41358
2017-11-21 16:26:27,430 [DEBUG] org.apache.http.impl.conn.DefaultHttpClientConnectionOperator  - Connection established 127.0.0.1:57390<->127.0.0.1:41358
2017-11-21 16:26:27,430 [DEBUG] org.apache.http.impl.conn.DefaultManagedHttpClientConnection  - http-outgoing-11: set socket timeout to 10800000
2017-11-21 16:26:27,430 [DEBUG] org.apache.http.impl.execchain.MainClientExec  - Executing request DELETE /session/554099071775599a3611400414de8550 HTTP/1.1
2017-11-21 16:26:27,430 [DEBUG] org.apache.http.impl.execchain.MainClientExec  - Target auth state: UNCHALLENGED
2017-11-21 16:26:27,430 [DEBUG] org.apache.http.impl.execchain.MainClientExec  - Proxy auth state: UNCHALLENGED
2017-11-21 16:26:27,430 [DEBUG] org.apache.http.headers  - http-outgoing-11 >> DELETE /session/554099071775599a3611400414de8550 HTTP/1.1
2017-11-21 16:26:27,430 [DEBUG] org.apache.http.headers  - http-outgoing-11 >> Host: localhost:41358
2017-11-21 16:26:27,430 [DEBUG] org.apache.http.headers  - http-outgoing-11 >> Connection: Keep-Alive
2017-11-21 16:26:27,430 [DEBUG] org.apache.http.headers  - http-outgoing-11 >> User-Agent: Apache-HttpClient/4.5.3 (Java/1.8.0_131)
2017-11-21 16:26:27,430 [DEBUG] org.apache.http.headers  - http-outgoing-11 >> Accept-Encoding: gzip,deflate
2017-11-21 16:26:27,430 [DEBUG] org.apache.http.wire  - http-outgoing-11 >> "DELETE /session/554099071775599a3611400414de8550 HTTP/1.1[\r][\n]"
2017-11-21 16:26:27,430 [DEBUG] org.apache.http.wire  - http-outgoing-11 >> "Host: localhost:41358[\r][\n]"
2017-11-21 16:26:27,430 [DEBUG] org.apache.http.wire  - http-outgoing-11 >> "Connection: Keep-Alive[\r][\n]"
2017-11-21 16:26:27,430 [DEBUG] org.apache.http.wire  - http-outgoing-11 >> "User-Agent: Apache-HttpClient/4.5.3 (Java/1.8.0_131)[\r][\n]"
2017-11-21 16:26:27,430 [DEBUG] org.apache.http.wire  - http-outgoing-11 >> "Accept-Encoding: gzip,deflate[\r][\n]"
2017-11-21 16:26:27,430 [DEBUG] org.apache.http.wire  - http-outgoing-11 >> "[\r][\n]"
2017-11-21 16:26:27,430 [DEBUG] org.apache.http.wire  - http-outgoing-11 << "HTTP/1.1 200 OK[\r][\n]"
2017-11-21 16:26:27,430 [DEBUG] org.apache.http.wire  - http-outgoing-11 << "Content-Length:72[\r][\n]"
2017-11-21 16:26:27,430 [DEBUG] org.apache.http.wire  - http-outgoing-11 << "Content-Type:application/json; charset=utf-8[\r][\n]"
2017-11-21 16:26:27,430 [DEBUG] org.apache.http.wire  - http-outgoing-11 << "Connection:close[\r][\n]"
2017-11-21 16:26:27,430 [DEBUG] org.apache.http.wire  - http-outgoing-11 << "[\r][\n]"
2017-11-21 16:26:27,430 [DEBUG] org.apache.http.wire  - http-outgoing-11 << "{"sessionId":"554099071775599a3611400414de8550","status":0,"value":null}"
2017-11-21 16:26:27,430 [DEBUG] org.apache.http.headers  - http-outgoing-11 << HTTP/1.1 200 OK
2017-11-21 16:26:27,430 [DEBUG] org.apache.http.headers  - http-outgoing-11 << Content-Length:72
2017-11-21 16:26:27,430 [DEBUG] org.apache.http.headers  - http-outgoing-11 << Content-Type:application/json; charset=utf-8
2017-11-21 16:26:27,430 [DEBUG] org.apache.http.headers  - http-outgoing-11 << Connection:close
2017-11-21 16:26:27,434 [DEBUG] org.apache.http.impl.conn.DefaultManagedHttpClientConnection  - http-outgoing-11: Close connection
2017-11-21 16:26:27,434 [DEBUG] org.apache.http.impl.execchain.MainClientExec  - Connection discarded
2017-11-21 16:26:27,434 [DEBUG] org.apache.http.impl.conn.PoolingHttpClientConnectionManager  - Connection released: [id: 11][route: {}->http://localhost:41358][total kept alive: 0; route allocated: 0 of 2000; total allocated: 0 of 2000]
2017-11-21 16:26:27,434 [DEBUG] org.apache.http.impl.conn.PoolingHttpClientConnectionManager  - Closing connections idle longer than 0 SECONDS
